#
# There is insufficient memory for the Java Runtime Environment to continue.
# Native memory allocation (mmap) failed to map 123731968 bytes. Error detail: G1 virtual space
# Possible reasons:
#   The system is out of physical RAM or swap space
#   This process is running with CompressedOops enabled, and the Java Heap may be blocking the growth of the native heap
# Possible solutions:
#   Reduce memory load on the system
#   Increase physical memory or swap space
#   Check if swap backing store is full
#   Decrease Java heap size (-Xmx/-Xms)
#   Decrease number of Java threads
#   Decrease Java thread stack sizes (-Xss)
#   Set larger code cache with -XX:ReservedCodeCacheSize=
#   JVM is running with Unscaled Compressed Oops mode in which the Java heap is
#     placed in the first 4GB address space. The Java Heap base address is the
#     maximum limit for the native heap growth. Please use -XX:HeapBaseMinAddress
#     to set the Java Heap base and to place the Java Heap above 4GB virtual address.
# This output file may be truncated or incomplete.
#
#  Out of Memory Error (os_windows.cpp:3825), pid=46672, tid=30440
#
# JRE version:  (17.0.11+1) (build )
# Java VM: OpenJDK 64-Bit Server VM (17.0.11+1-b1207.24, mixed mode, sharing, tiered, compressed oops, compressed class ptrs, g1 gc, windows-amd64)
# No core dump will be written. Minidumps are not enabled by default on client versions of Windows
#

---------------  S U M M A R Y ------------

Command Line: git4idea.http.GitAskPassApp Username for 'https://github.com': 

Host: AMD Ryzen 5 5500U with Radeon Graphics         , 12 cores, 7G,  Windows 11 , 64 bit Build 22621 (10.0.22621.3672)
Time: Sat Aug 24 13:27:27 2024 Sri Lanka Standard Time elapsed time: 0.047689 seconds (0d 0h 0m 0s)

---------------  T H R E A D  ---------------

Current thread (0x000001cd05780130):  JavaThread "Unknown thread" [_thread_in_vm, id=30440, stack(0x0000005240d00000,0x0000005240e00000)]

Stack: [0x0000005240d00000,0x0000005240e00000]
Native frames: (J=compiled Java code, j=interpreted, Vv=VM code, C=native code)
V  [jvm.dll+0x6877f9]
V  [jvm.dll+0x8411aa]
V  [jvm.dll+0x842e2e]
V  [jvm.dll+0x843493]
V  [jvm.dll+0x249fdf]
V  [jvm.dll+0x6845c9]
V  [jvm.dll+0x678e7a]
V  [jvm.dll+0x30ab4b]
V  [jvm.dll+0x311ff6]
V  [jvm.dll+0x361a5e]
V  [jvm.dll+0x361c8f]
V  [jvm.dll+0x2e0978]
V  [jvm.dll+0x2e18e4]
V  [jvm.dll+0x811c71]
V  [jvm.dll+0x36f7c8]
V  [jvm.dll+0x7f05f6]
V  [jvm.dll+0x3f398f]
V  [jvm.dll+0x3f5541]
C  [jli.dll+0x528f]
C  [ucrtbase.dll+0x29333]
C  [KERNEL32.DLL+0x1257d]
C  [ntdll.dll+0x5af28]


---------------  P R O C E S S  ---------------

Threads class SMR info:
_java_thread_list=0x00007fffc493efd8, length=0, elements={
}

Java Threads: ( => current thread )

Other Threads:
  0x000001cd057d8150 GCTaskThread "GC Thread#0" [stack: 0x0000005240e00000,0x0000005240f00000] [id=56632]
  0x000001cd057eab40 ConcurrentGCThread "G1 Main Marker" [stack: 0x0000005240f00000,0x0000005241000000] [id=53732]
  0x000001cd057eb460 ConcurrentGCThread "G1 Conc#0" [stack: 0x0000005241000000,0x0000005241100000] [id=50264]

[error occurred during error reporting (printing all threads), id 0xc0000005, EXCEPTION_ACCESS_VIOLATION (0xc0000005) at pc=0x00007fffc40f1547]

VM state: not at safepoint (not fully initialized)

VM Mutex/Monitor currently owned by a thread:  ([mutex/lock_event])
[0x000001cd0577a730] Heap_lock - owner thread: 0x000001cd05780130

Heap address: 0x000000008a400000, size: 1884 MB, Compressed Oops mode: 32-bit

CDS archive(s) mapped at: [0x0000000000000000-0x0000000000000000-0x0000000000000000), size 0, SharedBaseAddress: 0x0000000800000000, ArchiveRelocationMode: 1.
Narrow klass base: 0x0000000000000000, Narrow klass shift: 0, Narrow klass range: 0x0

GC Precious Log:
<Empty>

Heap:
 garbage-first heap   total 0K, used 0K [0x000000008a400000, 0x0000000100000000)
  region size 1024K, 0 young (0K), 0 survivors (0K)
 Metaspace       used 0K, committed 0K, reserved 0K
  class space    used 0K, committed 0K, reserved 0K

Heap Regions: E=young(eden), S=young(survivor), O=old, HS=humongous(starts), HC=humongous(continues), CS=collection set, F=free, OA=open archive, CA=closed archive, TAMS=top-at-mark-start (previous, next)

Card table byte_map: [0x000001cd18800000,0x000001cd18bb0000] _byte_map_base: 0x000001cd183ae000

Marking Bits (Prev, Next): (CMBitMap*) 0x000001cd057d9680, (CMBitMap*) 0x000001cd057d96c0
 Prev Bits: [0x000001cd18f60000, 0x000001cd1acd0000)
 Next Bits: [0x000001cd1acd0000, 0x000001cd1ca40000)

GC Heap History (0 events):
No events

Dll operation events (1 events):
Event: 0.032 Loaded shared library C:\Program Files\JetBrains\IntelliJ IDEA 2024.1.4\jbr\bin\java.dll

Deoptimization events (0 events):
No events

Classes unloaded (0 events):
No events

Classes redefined (0 events):
No events

Internal exceptions (0 events):
No events

VM Operations (0 events):
No events

Events (0 events):
No events


Dynamic libraries:
0x00007ff7ccc50000 - 0x00007ff7ccc5a000 	C:\Program Files\JetBrains\IntelliJ IDEA 2024.1.4\jbr\bin\java.exe
0x00007ff828290000 - 0x00007ff8284a7000 	C:\WINDOWS\SYSTEM32\ntdll.dll
0x00007ff826930000 - 0x00007ff8269f4000 	C:\WINDOWS\System32\KERNEL32.DLL
0x00007ff8258e0000 - 0x00007ff825c8d000 	C:\WINDOWS\System32\KERNELBASE.dll
0x00007ff81edc0000 - 0x00007ff81ee57000 	C:\WINDOWS\SYSTEM32\apphelp.dll
0x00007ff8255c0000 - 0x00007ff8256d1000 	C:\WINDOWS\System32\ucrtbase.dll
0x00007ff809ac0000 - 0x00007ff809adb000 	C:\Program Files\JetBrains\IntelliJ IDEA 2024.1.4\jbr\bin\VCRUNTIME140.dll
0x00007ff807ef0000 - 0x00007ff807f07000 	C:\Program Files\JetBrains\IntelliJ IDEA 2024.1.4\jbr\bin\jli.dll
0x00007ff8261e0000 - 0x00007ff82638e000 	C:\WINDOWS\System32\USER32.dll
0x00007ff8258b0000 - 0x00007ff8258d6000 	C:\WINDOWS\System32\win32u.dll
0x00007ff8266a0000 - 0x00007ff8266c9000 	C:\WINDOWS\System32\GDI32.dll
0x00007ff80ab70000 - 0x00007ff80ae03000 	C:\WINDOWS\WinSxS\amd64_microsoft.windows.common-controls_6595b64144ccf1df_6.0.22621.3672_none_2713b9d173822955\COMCTL32.dll
0x00007ff827070000 - 0x00007ff827117000 	C:\WINDOWS\System32\msvcrt.dll
0x00007ff825eb0000 - 0x00007ff825fc9000 	C:\WINDOWS\System32\gdi32full.dll
0x00007ff825810000 - 0x00007ff8258aa000 	C:\WINDOWS\System32\msvcp_win.dll
0x00007ff8280e0000 - 0x00007ff828111000 	C:\WINDOWS\System32\IMM32.DLL
0x00007ff820760000 - 0x00007ff82076c000 	C:\Program Files\JetBrains\IntelliJ IDEA 2024.1.4\jbr\bin\vcruntime140_1.dll
0x00007fffe9940000 - 0x00007fffe99cd000 	C:\Program Files\JetBrains\IntelliJ IDEA 2024.1.4\jbr\bin\msvcp140.dll
0x00007fffc3e00000 - 0x00007fffc4a83000 	C:\Program Files\JetBrains\IntelliJ IDEA 2024.1.4\jbr\bin\server\jvm.dll
0x00007ff828130000 - 0x00007ff8281e2000 	C:\WINDOWS\System32\ADVAPI32.dll
0x00007ff8260d0000 - 0x00007ff826179000 	C:\WINDOWS\System32\sechost.dll
0x00007ff825c90000 - 0x00007ff825cb8000 	C:\WINDOWS\System32\bcrypt.dll
0x00007ff8266d0000 - 0x00007ff8267e4000 	C:\WINDOWS\System32\RPCRT4.dll
0x00007ff822630000 - 0x00007ff822664000 	C:\WINDOWS\SYSTEM32\WINMM.dll
0x00007ff81aa10000 - 0x00007ff81aa1a000 	C:\WINDOWS\SYSTEM32\VERSION.dll
0x00007ff804060000 - 0x00007ff804069000 	C:\WINDOWS\SYSTEM32\WSOCK32.dll
0x00007ff827280000 - 0x00007ff8272f1000 	C:\WINDOWS\System32\WS2_32.dll
0x00007ff825480000 - 0x00007ff8254cd000 	C:\WINDOWS\SYSTEM32\POWRPROF.dll
0x00007ff825460000 - 0x00007ff825473000 	C:\WINDOWS\SYSTEM32\UMPDC.dll
0x00007ff8245f0000 - 0x00007ff824608000 	C:\WINDOWS\SYSTEM32\kernel.appcore.dll
0x00007ff820710000 - 0x00007ff82071a000 	C:\Program Files\JetBrains\IntelliJ IDEA 2024.1.4\jbr\bin\jimage.dll
0x00007ff822fa0000 - 0x00007ff8231d2000 	C:\WINDOWS\SYSTEM32\DBGHELP.DLL
0x00007ff826cc0000 - 0x00007ff827048000 	C:\WINDOWS\System32\combase.dll
0x00007ff826390000 - 0x00007ff826467000 	C:\WINDOWS\System32\OLEAUT32.dll
0x00007ff8225f0000 - 0x00007ff822622000 	C:\WINDOWS\SYSTEM32\dbgcore.DLL
0x00007ff825cc0000 - 0x00007ff825d3b000 	C:\WINDOWS\System32\bcryptPrimitives.dll
0x00007ff81f5a0000 - 0x00007ff81f5c5000 	C:\Program Files\JetBrains\IntelliJ IDEA 2024.1.4\jbr\bin\java.dll

dbghelp: loaded successfully - version: 4.0.5 - missing functions: none
symbol engine: initialized successfully - sym options: 0x614 - pdb path: .;C:\Program Files\JetBrains\IntelliJ IDEA 2024.1.4\jbr\bin;C:\WINDOWS\SYSTEM32;C:\WINDOWS\WinSxS\amd64_microsoft.windows.common-controls_6595b64144ccf1df_6.0.22621.3672_none_2713b9d173822955;C:\Program Files\JetBrains\IntelliJ IDEA 2024.1.4\jbr\bin\server

VM Arguments:
java_command: git4idea.http.GitAskPassApp Username for 'https://github.com': 
java_class_path (initial): C:/Program Files/JetBrains/IntelliJ IDEA 2024.1.4/plugins/vcs-git/lib/git4idea-rt.jar;C:/Program Files/JetBrains/IntelliJ IDEA 2024.1.4/lib/externalProcess-rt.jar
Launcher Type: SUN_STANDARD

[Global flags]
     intx CICompilerCount                          = 4                                         {product} {ergonomic}
     uint ConcGCThreads                            = 3                                         {product} {ergonomic}
     uint G1ConcRefinementThreads                  = 10                                        {product} {ergonomic}
   size_t G1HeapRegionSize                         = 1048576                                   {product} {ergonomic}
    uintx GCDrainStackTargetSize                   = 64                                        {product} {ergonomic}
   size_t InitialHeapSize                          = 123731968                                 {product} {ergonomic}
   size_t MarkStackSize                            = 4194304                                   {product} {ergonomic}
   size_t MaxHeapSize                              = 1975517184                                {product} {ergonomic}
   size_t MinHeapDeltaBytes                        = 1048576                                   {product} {ergonomic}
   size_t MinHeapSize                              = 8388608                                   {product} {ergonomic}
    uintx NonNMethodCodeHeapSize                   = 5839372                                {pd product} {ergonomic}
    uintx NonProfiledCodeHeapSize                  = 122909434                              {pd product} {ergonomic}
    uintx ProfiledCodeHeapSize                     = 122909434                              {pd product} {ergonomic}
    uintx ReservedCodeCacheSize                    = 251658240                              {pd product} {ergonomic}
     bool SegmentedCodeCache                       = true                                      {product} {ergonomic}
   size_t SoftMaxHeapSize                          = 1975517184                             {manageable} {ergonomic}
     bool UseCompressedClassPointers               = true                           {product lp64_product} {ergonomic}
     bool UseCompressedOops                        = true                           {product lp64_product} {ergonomic}
     bool UseG1GC                                  = true                                      {product} {ergonomic}
     bool UseLargePagesIndividualAllocation        = false                                  {pd product} {ergonomic}

Logging:
Log output configuration:
 #0: stdout all=warning uptime,level,tags
 #1: stderr all=off uptime,level,tags

Environment Variables:
PATH=C:\Program Files\Git\mingw64\libexec\git-core;C:\Program Files\Git\mingw64\libexec\git-core;C:\Program Files\Git\mingw64\bin;C:\Program Files\Git\usr\bin;C:\Users\Lumbini\bin;C:\WINDOWS\system32;C:\WINDOWS;C:\WINDOWS\System32\Wbem;C:\WINDOWS\System32\WindowsPowerShell\v1.0;C:\WINDOWS\System32\OpenSSH;C:\Program Files\dotnet;C:\Program Files\PuTTY;C:\Program Files\nodejs;C:\ProgramData\chocolatey\bin;C:\Program Files\Docker\Docker\resources\bin;C:\Program Files\Git\cmd;C:\Users\Lumbini\.console-ninja\.bin;C:\Users\Lumbini\AppData\Local\Programs\Python\Python311\Scripts;C:\Users\Lumbini\AppData\Local\Programs\Python\Python311;PythonPath;C:\MinGW\bin;C:\Users\Lumbini\AppData\Local\Programs\Microsoft VS Code\bin;C:\Users\Lumbini\AppData\Local\Microsoft\WindowsApps;C:\Program Files\Git\usr\bin;C:\Program Files\Git\cmd;C:\src\flutter\bin;C:\Program Files\JetBrains\IntelliJ IDEA 2023.1.2\bin;C:\Users\Lumbini\.jdks\jbr-17.0.7\bin;C:\Users\Lumbini\AppData\Local\Coursier\data\bin;C:\Users\Lumbini\AppData\Roaming\npm;C:\xampp\php\windowsXamppPhp;C:\ngrok;C:\Program Files\OpenSSL-Win64\bin;C:\Program Files\MongoDB\Server\7.0\bin
USERNAME=Lumbini
DISPLAY=:0.0
LC_ALL=en_US.UTF-8
TERM=xterm-256color
TMPDIR=C:\Users\Lumbini\AppData\Local\Temp
OS=Windows_NT
PROCESSOR_IDENTIFIER=AMD64 Family 23 Model 104 Stepping 1, AuthenticAMD
TMP=C:\Users\Lumbini\AppData\Local\Temp
TEMP=C:\Users\Lumbini\AppData\Local\Temp



Periodic native trim disabled

JNI global refs:
JNI global refs: 0, weak refs: 0

JNI global refs memory usage: 0, weak refs: 0

Process memory usage:
Resident Set Size: 12480K (0% of 7708936K total physical memory with 181636K free physical memory)

OOME stack traces (most recent first):
Classloader memory used:


---------------  S Y S T E M  ---------------

OS:
 Windows 11 , 64 bit Build 22621 (10.0.22621.3672)
OS uptime: 29 days 21:03 hours
Hyper-V role detected

CPU: total 12 (initial active 12) (12 cores per cpu, 2 threads per core) family 23 model 104 stepping 1 microcode 0x0, cx8, cmov, fxsr, ht, mmx, 3dnowpref, sse, sse2, sse3, ssse3, sse4a, sse4.1, sse4.2, popcnt, lzcnt, tsc, tscinvbit, avx, avx2, aes, clmul, bmi1, bmi2, adx, sha, fma, vzeroupper, clflush, clflushopt, hv
Processor Information for processor 0
  Max Mhz: 2100, Current Mhz: 1813, Mhz Limit: 2100
Processor Information for processor 1
  Max Mhz: 2100, Current Mhz: 1893, Mhz Limit: 2100
Processor Information for processor 2
  Max Mhz: 2100, Current Mhz: 1893, Mhz Limit: 2100
Processor Information for processor 3
  Max Mhz: 2100, Current Mhz: 1893, Mhz Limit: 2100
Processor Information for processor 4
  Max Mhz: 2100, Current Mhz: 1893, Mhz Limit: 2100
Processor Information for processor 5
  Max Mhz: 2100, Current Mhz: 1813, Mhz Limit: 2100
Processor Information for processor 6
  Max Mhz: 2100, Current Mhz: 1893, Mhz Limit: 2100
Processor Information for processor 7
  Max Mhz: 2100, Current Mhz: 1893, Mhz Limit: 2100
Processor Information for processor 8
  Max Mhz: 2100, Current Mhz: 1813, Mhz Limit: 2100
Processor Information for processor 9
  Max Mhz: 2100, Current Mhz: 1893, Mhz Limit: 2100
Processor Information for processor 10
  Max Mhz: 2100, Current Mhz: 1893, Mhz Limit: 2100
Processor Information for processor 11
  Max Mhz: 2100, Current Mhz: 1813, Mhz Limit: 2100

Memory: 4k page, system-wide physical 7528M (177M free)
TotalPageFile size 31080M (AvailPageFile size 5M)
current process WorkingSet (physical memory assigned to process): 12M, peak: 12M
current process commit charge ("private bytes"): 64M, peak: 182M

vm_info: OpenJDK 64-Bit Server VM (17.0.11+1-b1207.24) for windows-amd64 JRE (17.0.11+1-b1207.24), built on 2024-05-15 by "builduser" with MS VC++ 16.10 / 16.11 (VS2019)

END.
